POST /careTaker/proof 200 818 - 2563.777 ms
POST /user/register 201 304 - 5001.829 ms
POST /user/login 200 208 - 133.703 ms
POST /petParent/create 201 175 - 98.279 ms
POST /petParent/create 500 22 - 13.398 ms
POST /petParent/create 500 22 - 12.904 ms
POST /petParent/create 200 120 - 33.480 ms
POST /caretaker/create 200 251 - 48.003 ms
POST /caretaker/create 200 254 - 417.879 ms
POST /caretaker/create 200 254 - 64.056 ms
POST /caretaker/create 500 22 - 49.079 ms
POST /caretaker/create 500 22 - 5.829 ms
POST /caretaker/create 200 254 - 62.797 ms
POST /petParent/create 200 120 - 30.564 ms
POST /petParent/create 200 120 - 16.469 ms
POST /petParent/create 200 175 - 44.731 ms
GET /petParent/showall 500 33 - 26.825 ms
GET /petParent/showall 500 33 - 4.984 ms
GET /petParent/showall 500 33 - 37.231 ms
POST /user/register 400 135 - 55.147 ms
GET /petParent/showall 500 33 - 12.733 ms
GET /petParent/showall 500 33 - 24.320 ms
GET /careTaker/singlecareTaker/6690d9c67d6ff3bc4c578bf7 200 4 - 28.939 ms
GET /careTaker/singlecareTaker/6690d9c67d6ff3bc4c578bf7 200 4 - 16.767 ms
GET /petParent/showall 500 33 - 35.800 ms
GET /petParent/showall 500 33 - 7.813 ms
GET /petParent/showall 500 33 - 35.901 ms
GET /petParent/showall 500 33 - 38.066 ms
GET /petParent/showall 500 33 - 518.736 ms
GET /petParent/showall 500 33 - 37.871 ms
GET /petParent/showall 500 33 - 14.320 ms
GET /petParent/showall 200 4 - 76.092 ms
GET /petParent/showall 200 4 - 11.480 ms
POST /petParent/create 200 175 - 519.815 ms
GET /petParent/showall 200 4 - 4.222 ms
GET /petParent/showall 200 4 - 40.701 ms
GET /petParent/showall 200 4 - 22.733 ms
GET /petParent/showall 200 4 - 21.146 ms
GET /petParent/showall 200 4 - 17.745 ms
GET /petParent/showall 200 4 - 19.189 ms
GET /petParent/oneParent 400 30 - 4.953 ms
GET /petParent/oneParent 500 33 - 5.598 ms
GET /petParent/oneParent 500 33 - 14.186 ms
GET /petParent/oneParent 404 - - 20.648 ms
GET /petParent/oneParent 404 - - 22.524 ms
GET /petParent/oneParent 200 4 - 20.947 ms
GET /petParent/oneParent 200 4 - 29.714 ms
GET /petParent/oneParent 200 4 - 24.383 ms
GET /petParent/showall 200 4 - 19.370 ms
GET /petParent/showall 200 4 - 25.690 ms
GET /petParent/oneParent 500 33 - 18.041 ms
GET /petParent/oneParent 500 33 - 38.209 ms
GET /petParent/showall 200 4 - 18.802 ms
GET /petParent/oneParent 200 1075 - 93.937 ms
GET /petParent/showall 200 4 - 25.809 ms
GET /petParent/showall 500 33 - 8.635 ms
GET /petParent/showall 200 4 - 17.090 ms
GET /petParent/showall 200 916 - 35.935 ms
GET /petParent/oneParent 200 1075 - 72.490 ms
GET /petParent/oneParent 200 826 - 19.766 ms
GET /petParent/oneParent 200 4 - 22.569 ms
GET /petParent/oneParent/66916a7396d9fcbd278813b4 200 153 - 58.472 ms
PUT /petParent/update 400 13 - 31.688 ms
PUT /petParent/update 400 13 - 36.434 ms
PUT /petParent/update 400 13 - 26.052 ms
PUT /petParent/update 404 - - 93.215 ms
PUT /petParent/update 404 - - 65.241 ms
PUT /petParent/update 404 - - 39.235 ms
PUT /petParent/update 404 - - 105.037 ms
PUT /petParent/update 400 13 - 27.464 ms
PUT /petParent/update 200 4 - 41.012 ms
PUT /petParent/update/66916a7396d9fcbd278813b4 404 180 - 2.532 ms
PUT /petParent/update/66916a7396d9fcbd278813b4 200 177 - 57.885 ms
PUT /petParent/update/66916a7396d9fcbd278813b4 200 175 - 50.435 ms
DELETE /petParent/delete/66916a7396d9fcbd278813b4 500 33 - 7.038 ms
DELETE /petParent/delete/66916a7396d9fcbd278813b4 500 31 - 9.720 ms
DELETE /petParent/delete/66916a7396d9fcbd278813b4 500 31 - 9.324 ms
DELETE /petParent/delete/66916a7396d9fcbd278813b4 500 33 - 14.220 ms
DELETE /petParent/delete/66916a7396d9fcbd278813b4 500 33 - 8.682 ms
DELETE /petParent/delete/66916a7396d9fcbd278813b4 200 175 - 36.200 ms
DELETE /petParent/delete/66916a7396d9fcbd278813b4 404 - - 8.606 ms
POST /caretaker/create 200 254 - 148.126 ms
POST /careTaker/proof 500 33 - 1.479 ms
POST /careTaker/proof 200 818 - 2463.039 ms
GET /caretaker/showallcareTaker 200 256 - 17.684 ms
GET /careTaker/singlecareTaker/6690d9c67d6ff3bc4c578bf7 200 4 - 4.795 ms
POST /user/register 201 304 - 2012.105 ms
POST /user/login 200 208 - 120.978 ms
POST /petParent/create 200 175 - 216.300 ms
GET /petParent/showall 200 185 - 8.384 ms
GET /petParent/showall 200 231 - 98.965 ms
GET /petParent/showall 200 257 - 32.099 ms
GET /petParent/oneParent/669236ce55e0b0e4e64d0786 200 236 - 22.524 ms
PUT /petParent/update/669236ce55e0b0e4e64d0786 200 175 - 29.379 ms
POST /user/register 201 302 - 1542.055 ms
POST /user/login 404 26 - 6.487 ms
POST /user/login 200 208 - 113.099 ms
POST /caretaker/create 200 254 - 69.807 ms
POST /careTaker/proof 200 818 - 2063.285 ms
GET /caretaker/showallcareTaker 200 256 - 7.481 ms
POST /careTaker/proof 500 33 - 1.167 ms
POST /careTaker/proof 200 818 - 2381.743 ms
GET /caretaker/showallcareTaker 200 256 - 5.141 ms
GET /caretaker/showallcareTaker 200 256 - 9.096 ms
GET /careTaker/singlecareTaker/6692378aad74931162aabba7 200 254 - 5.246 ms
PUT /careTaker/6692378aad74931162aabba7 400 324 - 8.814 ms
POST /caretaker/create 500 1319 - 32.904 ms
POST /caretaker/create 500 664 - 54.319 ms
POST /caretaker/create 500 664 - 8.499 ms
POST /caretaker/create 200 243 - 475.321 ms
POST /caretaker/create 200 243 - 27.618 ms
POST /caretaker/create 200 243 - 65.635 ms
POST /caretaker/create 500 664 - 43.824 ms
POST /caretaker/create 500 664 - 23.176 ms
POST /caretaker/create 200 243 - 199.829 ms
POST /caretaker/create 500 664 - 5.230 ms
POST /caretaker/create 500 664 - 62.625 ms
POST /caretaker/create 200 215 - 172.356 ms
POST /caretaker/create 500 664 - 5.977 ms
POST /caretaker/create 200 215 - 11.154 ms
POST /caretaker/create 500 664 - 5.827 ms
POST /user/register 201 300 - 2134.059 ms
POST /user/login 200 208 - 115.644 ms
POST /caretaker/create 500 664 - 4.605 ms
POST /caretaker/create 500 664 - 182.414 ms
POST /caretaker/create 500 664 - 166.447 ms
POST /caretaker/create 500 1319 - 32.504 ms
POST /caretaker/create 500 1319 - 5.261 ms
POST /caretaker/create 200 191 - 59.487 ms
POST /caretaker/create 200 191 - 11.687 ms
POST /caretaker/create 200 191 - 11.952 ms
POST /caretaker/create 200 191 - 12.446 ms
POST /caretaker/create 500 1319 - 7.416 ms
POST /caretaker/create 200 191 - 12.994 ms
POST /caretaker/create 200 191 - 53.625 ms
POST /caretaker/create 500 32 - 21.612 ms
POST /caretaker/create 500 32 - 241.282 ms
POST /caretaker/create 500 32 - 214.838 ms
POST /caretaker/create 500 32 - 49.430 ms
POST /caretaker/create 200 196 - 192.328 ms
POST /caretaker/create 200 172 - 59.329 ms
POST /caretaker/create 500 1319 - 103.245 ms
POST /caretaker/create 200 172 - 13.884 ms
POST /caretaker/create 200 196 - 36.501 ms
POST /caretaker/create 200 172 - 59.912 ms
POST /caretaker/create 200 172 - 58.023 ms
POST /caretaker/create 200 172 - 51.537 ms
POST /caretaker/create 200 172 - 63.547 ms
POST /caretaker/create 200 172 - 67.022 ms
POST /caretaker/create 200 172 - 19.039 ms
POST /caretaker/create 500 664 - 51.466 ms
POST /caretaker/create 500 664 - 4.839 ms
POST /caretaker/create 200 295 - 2627.846 ms
POST /caretaker/create 200 205 - 57.432 ms
POST /caretaker/create 200 295 - 1917.354 ms
POST /caretaker/create 500 1319 - 22.183 ms
POST /caretaker/create 200 172 - 59.212 ms
POST /caretaker/create 200 172 - 16.459 ms
POST /caretaker/create 200 172 - 61.746 ms
POST /caretaker/create 500 32 - 4334.620 ms
POST /caretaker/create 500 32 - 6959.920 ms
POST /caretaker/create 200 295 - 2310.015 ms
POST /caretaker/create 200 295 - 2520.504 ms
POST /caretaker/create 500 1319 - 5.718 ms
POST /caretaker/create 500 1319 - 21.639 ms
POST /caretaker/create 500 664 - 9.913 ms
POST /careTaker/proof 500 32 - 26.670 ms
POST /careTaker/proof 500 32 - 6.500 ms
POST /caretaker/create 200 295 - 2167.535 ms
POST /caretaker/create 200 205 - 207.437 ms
POST /caretaker/create 200 205 - 71.221 ms
POST /caretaker/create 200 231 - 116.397 ms
POST /pet/create 400 30 - 213.191 ms
POST /pet/create 200 377 - 312.842 ms
GET /pet/showAll 200 379 - 35.005 ms
GET /pet/showAll 200 379 - 30.447 ms
GET /pet/showAll 200 379 - 28.527 ms
GET /caretaker/showallcareTaker 200 1237 - 46.442 ms
GET /careTaker/singlecareTaker/6692378aad74931162aabba7 200 4 - 62.929 ms
GET /careTaker/singlecareTaker/6692378aad74931162aabba7 200 4 - 4.836 ms
GET /caretaker/showallcareTaker 500 33 - 6.121 ms
GET /caretaker/showallcareTaker 200 1237 - 35.717 ms
GET /caretaker/showallcareTaker 200 1237 - 37.418 ms
GET /caretaker/showallcareTaker 200 1237 - 35.760 ms
GET /caretaker/showallcareTaker 200 1237 - 31.406 ms
GET /caretaker/showallcareTaker 200 1237 - 32.244 ms
GET /caretaker/showallcareTaker 200 1237 - 36.172 ms
GET /caretaker/showallcareTaker 200 1237 - 49.436 ms
GET /pet/singlePet/669289a942ea71f6ada0209f 400 30 - 8.853 ms
GET /pet/singlePet/669289a942ea71f6ada0209f 500 33 - 142.641 ms
GET /pet/singlePet/669289a942ea71f6ada0209f 500 33 - 28.193 ms
GET /pet/singlePet/669289a942ea71f6ada0209f 200 377 - 44.325 ms
GET /pet/singlePet/669289a942ea71f6ada0209f 200 377 - 51.695 ms
GET /pet/singlePet/669289a942ea71f6ada0209f 200 377 - 34.704 ms
GET /pet/singlePet/669289a942ea71f6ada0209f 500 33 - 32.672 ms
GET /pet/singlePet/669289a942ea71f6ada0209f 500 33 - 12.898 ms
GET /pet/singlePet/669289a942ea71f6ada0209f 200 4 - 45.361 ms
GET /careTaker/singlecareTaker/6692378aad74931162aabba7 200 4 - 6.953 ms
POST /caretaker/create 200 231 - 203.343 ms
GET /careTaker/singlecareTaker/6692904d1bf17f97f6ed9663 200 231 - 22.028 ms
GET /caretaker/showallcareTaker 200 1469 - 6.251 ms
PUT /pet/update/669289a942ea71f6ada0209f 200 379 - 216.129 ms
DELETE /pet/delete/669289a942ea71f6ada0209f 200 379 - 35.211 ms
DELETE /pet/delete/669289a942ea71f6ada0209f 404 - - 3.123 ms
PUT /pet/update/669289a942ea71f6ada0209f 400 461 - 73.048 ms
PUT /pet/update/669289a942ea71f6ada0209f 400 285 - 68.628 ms
PUT /pet/update/669289a942ea71f6ada0209f 400 190 - 21.389 ms
PUT /pet/update/669289a942ea71f6ada0209f 400 190 - 51.593 ms
POST /pet/create 500 16 - 38.162 ms
POST /pet/create 200 377 - 86.623 ms
PUT /pet/update/669289a942ea71f6ada0209f 200 28 - 14.795 ms
PUT /pet/update/669289a942ea71f6ada0209f 200 28 - 6.440 ms
POST /booking/create 404 154 - 336.397 ms
POST /booking/create 404 154 - 4.543 ms
POST /booking/create 404 154 - 25.848 ms
POST /booking/create 404 154 - 24.376 ms
POST /booking/create 404 154 - 25.013 ms
POST /booking/create 200 179 - 64.117 ms
POST /booking/create 200 179 - 71.719 ms
GET /careTaker/singlecareTaker/6692904d1bf17f97f6ed9663 200 231 - 75.073 ms
POST /booking/create/6692904d1bf17f97f6ed9663 404 179 - 9.586 ms
POST /booking/create/6692904d1bf17f97f6ed9663 200 179 - 57.967 ms
GET /booking/allbooking 200 541 - 28.728 ms
GET /booking/allbooking 200 541 - 27.979 ms
GET /booking/allbooking 200 541 - 28.682 ms
GET /booking/allbooking 200 541 - 28.111 ms
GET /booking/allbooking 200 541 - 8.250 ms
GET /booking/allbooking 200 541 - 27.303 ms
GET /booking/allbooking 200 541 - 26.638 ms
GET /booking/allbooking 200 541 - 29.223 ms
GET /booking/allbooking 200 541 - 29.035 ms
GET /booking/allbooking 200 541 - 25.946 ms
GET /booking/allbooking 200 541 - 39.697 ms
POST /booking/create/6692904d1bf17f97f6ed9663 500 33 - 224.639 ms
POST /petParent/create 500 33 - 43.498 ms
POST /petParent/create 500 33 - 35.084 ms
POST /petParent/create 500 33 - 62.545 ms
POST /petParent/create 500 33 - 80.637 ms
POST /booking/create/6692904d1bf17f97f6ed9663 200 179 - 380.320 ms
GET /booking/allbooking 200 901 - 30.821 ms
POST /pet/create 500 16 - 142.409 ms
POST /pet/create 200 377 - 89.326 ms
POST /pet/create 200 377 - 100.378 ms
POST /booking/create/6692904d1bf17f97f6ed9663 200 179 - 88.695 ms
POST /booking/create/6692904d1bf17f97f6ed9663 200 179 - 81.457 ms
GET /booking/allbooking 200 1261 - 162.257 ms
GET /booking/allbooking 200 1261 - 48.560 ms
GET /booking/allbooking 200 1261 - 6.971 ms
POST /booking/create/6692904d1bf17f97f6ed9663 200 179 - 5385.569 ms
POST /booking/create/6692904d1bf17f97f6ed9663 200 179 - 65.470 ms
POST /booking/create/6692904d1bf17f97f6ed9663 200 179 - 12.437 ms
POST /pet/create 500 16 - 75.525 ms
POST /pet/create 500 16 - 53.032 ms
POST /pet/create 200 493 - 133.617 ms
POST /booking/create/6692904d1bf17f97f6ed9663 200 179 - 67.034 ms
POST /booking/create/6692904d1bf17f97f6ed9663 500 33 - 36.655 ms
POST /booking/create/6692904d1bf17f97f6ed9663 500 33 - 35.677 ms
POST /booking/create/6692904d1bf17f97f6ed9663 500 33 - 36.767 ms
POST /booking/create/6692904d1bf17f97f6ed9663 500 33 - 47.718 ms
POST /booking/create/6692904d1bf17f97f6ed9663 200 217 - 83.227 ms
POST /booking/create/6692904d1bf17f97f6ed9663 200 195 - 75.885 ms
POST /booking/create/6692904d1bf17f97f6ed9663 200 217 - 62.162 ms
POST /booking/create/6692904d1bf17f97f6ed9663 200 217 - 65.368 ms
GET /booking/6692b57e242e64c2eb2f00e7 404 171 - 4.758 ms
GET /booking/allbooking 200 2853 - 31.813 ms
GET /booking/singlebooking/:id 500 33 - 9.201 ms
POST /booking/create/6692904d1bf17f97f6ed9663 200 217 - 60.785 ms
GET /booking/singlebooking/:id 500 33 - 6.149 ms
GET /booking/singlebooking/6694cd685fa17af18874d002 200 4 - 8.634 ms
GET /booking/singlebooking/6694cd685fa17af18874d002 200 4 - 33.540 ms
GET /booking/singlebooking/6694cd685fa17af18874d002 200 179 - 36.733 ms
GET /booking/singlebooking/6694cd685fa17af18874d002 200 4 - 24.497 ms
GET /booking/singlebooking/6694cd685fa17af18874d002 200 4 - 24.461 ms
GET /booking/singlebooking/6694cd685fa17af18874d002 200 4 - 24.318 ms
GET /booking/singlebooking/6694cd685fa17af18874d002 200 4 - 33.278 ms
GET /booking/singlebooking/6694cd685fa17af18874d002 200 217 - 34.054 ms
GET /booking/singlebooking/6694cd685fa17af18874d002 200 217 - 35.069 ms
GET /pet/singlePet/669289a942ea71f6ada0209f 200 4 - 22.293 ms
GET /pet/singlePet/669289a942ea71f6ada0209f 200 4 - 5.219 ms
GET /pet/singlePet/669289a942ea71f6ada0209f 200 4 - 25.207 ms
GET /pet/singlePet/669289a942ea71f6ada0209f 200 4 - 5.681 ms
GET /pet/singlePet/6694c8057082a1a41d88754a 200 440 - 24.318 ms
GET /booking/singlebooking/6694cd685fa17af18874d002 200 217 - 13.576 ms
PUT /booking/update/6694cd685fa17af18874d002 403 30 - 91.307 ms
PUT /booking/update/6694cd685fa17af18874d002 200 4 - 134.480 ms
PUT /booking/update/6694cd685fa17af18874d002 200 4 - 54.438 ms
PUT /booking/update/6694cd685fa17af18874d002 200 4 - 62.294 ms
PUT /booking/update/6694cd685fa17af18874d002 200 240 - 69.577 ms
PUT /booking/update/6694cd685fa17af18874d002 200 240 - 53.142 ms
PUT /booking/careTaker/669236b655e0b0e4e64d0783/Booking/6694cd685fa17af18874d002 403 30 - 288.673 ms
PUT /booking/careTaker/669236b655e0b0e4e64d0783/Booking/6694cd685fa17af18874d002 403 30 - 28.625 ms
PUT /booking/careTaker/669236b655e0b0e4e64d0783/Booking/6694cd685fa17af18874d002 403 30 - 31.533 ms
PUT /booking/careTaker/669236b655e0b0e4e64d0783/Booking/6694cd685fa17af18874d002 500 33 - 28.658 ms
PUT /booking/careTaker/669236b655e0b0e4e64d0783/Booking/6694cd685fa17af18874d002 500 33 - 30.240 ms
PUT /booking/careTaker/669236b655e0b0e4e64d0783/Booking/6694cd685fa17af18874d002 500 33 - 27.270 ms
PUT /booking/careTaker/669236b655e0b0e4e64d0783/Booking/6694cd685fa17af18874d002 200 239 - 49.268 ms
GET /booking/singlebooking/6694cd685fa17af18874d002 200 239 - 11.442 ms
DELETE /booking/delete/6694cc39296a685259eeb9ca 200 217 - 34.522 ms
DELETE /booking/delete/6694cc39296a685259eeb9ca 404 - - 5.432 ms
POST /pet/create 200 126 - 1487.376 ms
POST /pet/create 500 1319 - 31.099 ms
POST /pet/create 500 16 - 91.511 ms
POST /pet/create 500 16 - 56.767 ms
POST /pet/create 500 16 - 53.781 ms
POST /pet/create 200 236 - 2888.791 ms
POST /pet/create 200 171 - 55.903 ms
POST /pet/create 200 165 - 23.154 ms
POST /pet/create 200 165 - 189.243 ms
POST /pet/create 200 165 - 28.720 ms
POST /pet/create 200 184 - 305.431 ms
POST /booking/create/6692904d1bf17f97f6ed9663 200 217 - 71.453 ms
POST /caretaker/create 400 637 - 6.668 ms
POST /caretaker/create 400 449 - 35.211 ms
POST /user/register 400 133 - 58.663 ms
POST /user/login 200 208 - 191.980 ms
POST /caretaker/create 400 449 - 6.809 ms
POST /caretaker/create 400 579 - 5.257 ms
POST /caretaker/create 400 579 - 40.253 ms
POST /caretaker/create 400 579 - 46.271 ms
POST /caretaker/create 400 579 - 41.156 ms
POST /caretaker/create 400 579 - 40.173 ms
POST /caretaker/create 200 374 - 74.942 ms
POST /petParent/create 200 203 - 18.300 ms
POST /booking/create/66953a1c99d41c08978cb6f2 200 217 - 24.532 ms
POST /booking/create/66953a1c99d41c08978cb6f2 200 217 - 84.954 ms
POST /booking/create/66953a1c99d41c08978cb6f2 200 217 - 154.206 ms
POST /booking/create/66953a1c99d41c08978cb6f2 200 217 - 64.020 ms
POST /booking/create/66953a1c99d41c08978cb6f2 200 217 - 60.584 ms
POST /booking/create/66953a1c99d41c08978cb6f2 200 176 - 405.653 ms
POST /booking/create/66953a1c99d41c08978cb6f2 500 33 - 364.873 ms
POST /booking/create/66953a1c99d41c08978cb6f2 404 32 - 89.396 ms
POST /booking/create/66953a1c99d41c08978cb6f2 404 32 - 7.555 ms
POST /booking/create/66953a1c99d41c08978cb6f2 404 32 - 279.553 ms
POST /booking/create/66953a1c99d41c08978cb6f2 500 33 - 118.221 ms
POST /booking/create/66953a1c99d41c08978cb6f2 500 33 - 178.242 ms
POST /booking/create/66953a1c99d41c08978cb6f2 201 541 - 205.055 ms
POST /booking/create/66953a1c99d41c08978cb6f2 201 568 - 211.347 ms
POST /booking/create/66953a1c99d41c08978cb6f2 201 568 - 60.737 ms
POST /booking/create/66953a1c99d41c08978cb6f2 201 587 - 154.431 ms
POST /booking/create/66953a1c99d41c08978cb6f2 201 587 - 162.742 ms
POST /caretaker/create 200 450 - 152.976 ms
GET /caretaker/showallcareTaker 200 2371 - 58.716 ms
GET /careTaker/singlecareTaker/6692904d1bf17f97f6ed9663 200 4 - 33.790 ms
GET /careTaker/singlecareTaker/6692904d1bf17f97f6ed9663 200 4 - 7.111 ms
GET /careTaker/singlecareTaker/66955d88de3fe61561a2c2a5 200 4 - 4.221 ms
GET /careTaker/singlecareTaker/66955d88de3fe61561a2c2a5 200 4 - 4.656 ms
GET /careTaker/singlecareTaker/66955d88de3fe61561a2c2a5 200 450 - 100.334 ms
PUT /careTaker/6692378aad74931162aabba7 400 324 - 41.065 ms
PUT /careTaker/66955d88de3fe61561a2c2a5 200 422 - 265.281 ms
DELETE /careTaker/66955d88de3fe61561a2c2a5 500 33 - 9.682 ms
DELETE /careTaker/66955d88de3fe61561a2c2a5 500 33 - 25.151 ms
DELETE /careTaker/66955d88de3fe61561a2c2a5 500 33 - 15.507 ms
POST /pet/create 200 506 - 252.413 ms
POST /pet/create 200 250 - 2924.180 ms
POST /pet/create 200 506 - 64.823 ms
POST /user/register 201 318 - 4199.579 ms
POST /user/login 200 208 - 359.166 ms
POST /user/verify 200 13 - 650.029 ms
GET /user/account 200 317 - 35.334 ms
PUT /user/Update 201 217 - 10.833 ms
POST /user/forgotPassword 200 37 - 21.553 ms
POST /user/resetPassword 200 39 - 132.979 ms
POST /caretaker/create 200 464 - 65.129 ms
POST /caretaker/create 500 664 - 71.826 ms
POST /caretaker/create 200 289 - 2363.280 ms
POST /caretaker/create 200 289 - 4028.103 ms
POST /caretaker/create 200 289 - 2352.174 ms
POST /caretaker/create 200 475 - 467.911 ms
POST /caretaker/create 200 289 - 2188.559 ms
POST /caretaker/create 200 381 - 125.196 ms
POST /caretaker/create 200 195 - 2167.295 ms
POST /caretaker/create 200 4 - 71.596 ms
POST /caretaker/create 200 4 - 13.114 ms
POST /caretaker/create 200 4 - 2343.081 ms
POST /caretaker/create 200 226 - 89.439 ms
POST /caretaker/create 200 282 - 2196.172 ms
POST /careTaker/proof 500 32 - 382.466 ms
POST /careTaker/proof 200 829 - 2430.841 ms
POST /careTaker/proof 404 31 - 2492.954 ms
POST /careTaker/proof/669df4e684c1e26b54ef992d 404 31 - 3205.770 ms
POST /careTaker/proof/669df4e684c1e26b54ef992d 404 31 - 2164.949 ms
POST /careTaker/proof/669df4e684c1e26b54ef992d 404 31 - 2140.283 ms
POST /careTaker/proof/careTaker/669df4e684c1e26b54ef992d 404 31 - 2083.336 ms
POST /careTaker/proof/669df4e684c1e26b54ef992d 404 31 - 2177.597 ms
POST /careTaker/proof/669df4e684c1e26b54ef992d 200 405 - 6446.118 ms
GET /caretaker/showallcareTaker 200 634 - 14.252 ms
GET /careTaker/singlecareTaker/66955d88de3fe61561a2c2a5 200 4 - 40.748 ms
GET /careTaker/singlecareTaker/669df4df84c1e26b54ef9929 500 33 - 6.837 ms
GET /careTaker/singlecareTaker/669df4e684c1e26b54ef992d 500 33 - 3.283 ms
GET /careTaker/singlecareTaker/669df4e684c1e26b54ef992d 200 405 - 5.364 ms
POST /user/register 400 145 - 152.630 ms
POST /user/register 201 312 - 2007.701 ms
POST /user/login 200 208 - 112.650 ms
POST /petParent/create 200 203 - 543.291 ms
POST /petParent/create 500 22 - 75.070 ms
POST /petParent/create 200 289 - 2250.705 ms
POST /petParent/proof/669dfa9a798b9280d2fb9774 500 32 - 2438.343 ms
POST /petParent/proof/669dfa9a798b9280d2fb9774 200 417 - 2990.496 ms
GET /petParent/showall 200 711 - 22.813 ms
GET /petParent/oneParent/669dfa9a798b9280d2fb9774 200 417 - 14.356 ms
PUT /petParent/update/669dfa9a798b9280d2fb9774 200 423 - 32.886 ms
POST /pet/create 200 514 - 210.640 ms
GET /pet/showAll 200 535 - 7.581 ms
POST /pet/create 500 1319 - 26.124 ms
POST /pet/create 200 258 - 1982.554 ms
POST /pet/create 200 4 - 2145.308 ms
POST /pet/create 200 244 - 2133.465 ms
GET /pet/showAll 200 1303 - 15.443 ms
GET /pet/singlePet/669e012719d2217fd0c094d4 200 201 - 30.170 ms
POST /booking/create/669df4e684c1e26b54ef992d 201 480 - 591.682 ms
PUT /booking/careTaker/669df4e684c1e26b54ef992d/Booking/669e0b1400d2286bc6d55779 500 33 - 16.774 ms
PUT /booking/careTaker/669df4e684c1e26b54ef992d/Booking/669e0b1400d2286bc6d55779 200 285 - 24.105 ms
POST /review/create 201 732 - 22.039 ms
GET /all/review 200 343 - 307.571 ms
GET /single/review 200 2 - 11.713 ms
GET /single/review 200 2 - 113.628 ms
PUT /update/review 404 29 - 23.535 ms
PUT /update/review 404 29 - 18.971 ms
PUT /update/review 404 29 - 44.424 ms
POST /payment/pay 400 1140 - 209.880 ms
POST /payment/pay 500 33 - 64.719 ms
POST /payment/pay 500 33 - 1086.365 ms
POST /payment/pay 500 33 - 1621.244 ms
POST /payment/pay 500 33 - 1128.984 ms
POST /payment/pay 500 33 - 934.119 ms
POST /payment/pay 500 33 - 1138.767 ms
POST /payment/pay 500 33 - 1085.315 ms
POST /payment/pay 500 33 - 1167.256 ms
POST /payment/pay 500 33 - 1022.836 ms
POST /payment/pay 500 33 - 29.476 ms
POST /payment/pay 500 33 - 44.918 ms
POST /payment/pay 500 33 - 47.590 ms
POST /payment/pay 500 33 - 63.155 ms
POST /payment/pay 500 33 - 734.200 ms
POST /payment/pay 500 33 - 770.398 ms
POST /payment/pay 404 29 - 35.297 ms
POST /payment/pay?669e0b1400d2286bc6d55779 404 29 - 8.345 ms
POST /payment/pay 404 29 - 3.527 ms
POST /payment/pay 500 33 - 1209.083 ms
POST /payment/pay 500 33 - 662.064 ms
POST /payment/pay 500 33 - 1357.776 ms
POST /payment/pay 500 33 - 1115.191 ms
POST /payment/pay 500 33 - 1206.068 ms
POST /payment/pay 500 33 - 1163.838 ms
POST /payment/pay 500 33 - 1429.469 ms
POST /payment/pay 500 33 - 1114.082 ms
POST /payment/pay 500 33 - 82.273 ms
POST /payment/pay 500 33 - 1044.125 ms
POST /payment/pay 500 33 - 1309.894 ms
POST /payment/pay 500 33 - 1335.084 ms
POST /payment/pay 500 33 - 1115.946 ms
POST /booking/create/669df4e684c1e26b54ef992d 201 482 - 748.426 ms
POST /payment/pay 500 33 - 773.952 ms
POST /payment/pay 500 33 - 742.796 ms
POST /payment/pay 500 33 - 38.437 ms
POST /payment/pay 500 33 - 1095.680 ms
POST /payment/pay 500 33 - 1231.173 ms
POST /payment/pay 500 33 - 1122.453 ms
POST /payment/pay 500 33 - 1102.998 ms
POST /payment/pay 500 33 - 1184.298 ms
POST /payment/pay 500 33 - 1554.790 ms
POST /payment/pay 404 29 - 35.349 ms
POST /payment/pay 500 33 - 1136.175 ms
POST /payment/pay 500 33 - 833.263 ms
POST /payment/pay 404 29 - 36.906 ms
POST /payment/pay 500 33 - 1223.983 ms
POST /payment/pay 500 33 - 723.192 ms
POST /payment/pay 500 33 - 758.287 ms
POST /payment/pay?bookingId=669e0b1400d2286bc6d55779 500 33 - 705.409 ms
POST /payment/pay?bookingId=669e0b1400d2286bc6d55779 500 33 - 753.741 ms
POST /payment/pay?bookingId=669e0b1400d2286bc6d55779 500 33 - 1380.556 ms
POST /payment/pay?bookingId=669e0b1400d2286bc6d55779 500 33 - 966.654 ms
POST /booking/create/669df4e684c1e26b54ef992d 500 33 - 101.188 ms
POST /booking/create/669df4e684c1e26b54ef992d 500 33 - 29.244 ms
POST /booking/create/669df4e684c1e26b54ef992d 500 33 - 13.568 ms
POST /booking/create/669df4e684c1e26b54ef992d 201 482 - 111.199 ms
POST /payment/pay?bookingId=669e0b1400d2286bc6d55779 500 33 - 3540.632 ms
GET /single/review/careTaker/669df4e684c1e26b54ef992d 200 2 - 249.157 ms
POST /payment/pay 500 33 - 200.415 ms
POST /payment/pay 500 33 - 34.592 ms
POST /payment/pay 500 33 - 1123.848 ms
POST /payment/pay 500 33 - 1484.243 ms
POST /payment/pay 500 33 - 1064.146 ms
POST /payment/pay 500 33 - 1085.200 ms
POST /caretaker/create 400 1142 - 107.666 ms
POST /caretaker/create 200 220 - 349.255 ms
POST /caretaker/create 200 282 - 2259.849 ms
POST /caretaker/create 200 282 - 2308.490 ms
POST /payment/pay 500 33 - 1141.862 ms
POST /payment/pay 500 33 - 1076.636 ms
POST /caretaker/create 200 220 - 2208.284 ms
POST /caretaker/create 200 282 - 2558.565 ms
POST /caretaker/create 200 308 - 2124.954 ms
POST /payment/pay 200 443 - 4250.679 ms
POST /caretaker/create 200 220 - 172.720 ms
POST /payment/pay 500 33 - 1528.093 ms
POST /payment/pay 500 33 - 1441.808 ms
POST /payment/pay 200 443 - 1426.660 ms
PUT /payment/pay/cs_test_a1bcZzO0fx0E8wSCFbPxuffW6ysFRiSdUlPonLb9rFreF5ihCiUdIVfocr/success 404 225 - 57.590 ms
PUT /payment/pay/669fba39445d52dcf5700767/success 404 183 - 2.206 ms
PUT /payment/pay/sucess/669fba39445d52dcf5700767 404 182 - 21.003 ms
PUT /payment/sucess/669fba39445d52dcf5700767 404 178 - 2.683 ms
PUT /payment/success/669fba39445d52dcf5700767 404 28 - 88.017 ms
PUT /payment/success/669e0b1400d2286bc6d55779 404 28 - 11.958 ms
PUT /payment/success/cs_test_a1bcZzO0fx0E8wSCFbPxuffW6ysFRiSdUlPonLb9rFreF5ihCiUdIVfocr 200 230 - 123.644 ms
PUT /payment/success/cs_test_a1bcZzO0fx0E8wSCFbPxuffW6ysFRiSdUlPonLb9rFreF5ihCiUdIVfocr 500 33 - 283.560 ms
PUT /payment/success/cs_test_a1bcZzO0fx0E8wSCFbPxuffW6ysFRiSdUlPonLb9rFreF5ihCiUdIVfocr 500 33 - 74.370 ms
PUT /payment/success/cs_test_a1bcZzO0fx0E8wSCFbPxuffW6ysFRiSdUlPonLb9rFreF5ihCiUdIVfocr 500 33 - 105.178 ms
PUT /payment/success/cs_test_a1bcZzO0fx0E8wSCFbPxuffW6ysFRiSdUlPonLb9rFreF5ihCiUdIVfocr 404 34 - 49.113 ms
PUT /payment/success/cs_test_a1bcZzO0fx0E8wSCFbPxuffW6ysFRiSdUlPonLb9rFreF5ihCiUdIVfocr 404 34 - 102.601 ms
PUT /payment/success/cs_test_a1bcZzO0fx0E8wSCFbPxuffW6ysFRiSdUlPonLb9rFreF5ihCiUdIVfocr 404 34 - 48.808 ms
PUT /payment/success/cs_test_a1bcZzO0fx0E8wSCFbPxuffW6ysFRiSdUlPonLb9rFreF5ihCiUdIVfocr 404 34 - 12.223 ms
PUT /payment/success/cs_test_a1bcZzO0fx0E8wSCFbPxuffW6ysFRiSdUlPonLb9rFreF5ihCiUdIVfocr 500 33 - 111.136 ms
PUT /payment/success/cs_test_a1bcZzO0fx0E8wSCFbPxuffW6ysFRiSdUlPonLb9rFreF5ihCiUdIVfocr 404 34 - 57.168 ms
PUT /payment/success/cs_test_a1bcZzO0fx0E8wSCFbPxuffW6ysFRiSdUlPonLb9rFreF5ihCiUdIVfocr 404 34 - 53.426 ms
PUT /payment/success/cs_test_a1bcZzO0fx0E8wSCFbPxuffW6ysFRiSdUlPonLb9rFreF5ihCiUdIVfocr 500 33 - 66.660 ms
PUT /payment/success/cs_test_a1bcZzO0fx0E8wSCFbPxuffW6ysFRiSdUlPonLb9rFreF5ihCiUdIVfocr 404 34 - 109.079 ms
PUT /payment/success/cs_test_a1bcZzO0fx0E8wSCFbPxuffW6ysFRiSdUlPonLb9rFreF5ihCiUdIVfocr 404 53 - 46.243 ms
PUT /payment/success/cs_test_a1bcZzO0fx0E8wSCFbPxuffW6ysFRiSdUlPonLb9rFreF5ihCiUdIVfocr 404 53 - 44.017 ms
PUT /payment/success/cs_test_a1bcZzO0fx0E8wSCFbPxuffW6ysFRiSdUlPonLb9rFreF5ihCiUdIVfocr 500 33 - 94.931 ms
PUT /payment/success/cs_test_a1bcZzO0fx0E8wSCFbPxuffW6ysFRiSdUlPonLb9rFreF5ihCiUdIVfocr 404 53 - 47.110 ms
PUT /payment/success/cs_test_a1bcZzO0fx0E8wSCFbPxuffW6ysFRiSdUlPonLb9rFreF5ihCiUdIVfocr 200 230 - 46.075 ms
PUT /payment/failed/cs_test_a1bcZzO0fx0E8wSCFbPxuffW6ysFRiSdUlPonLb9rFreF5ihCiUdIVfocr 404 220 - 17.154 ms
PUT /payment/failed/cs_test_a1bcZzO0fx0E8wSCFbPxuffW6ysFRiSdUlPonLb9rFreF5ihCiUdIVfocr 500 33 - 14.551 ms
PUT /payment/failed/cs_test_a1bcZzO0fx0E8wSCFbPxuffW6ysFRiSdUlPonLb9rFreF5ihCiUdIVfocr 500 33 - 21.819 ms
PUT /payment/failed/cs_test_a1bcZzO0fx0E8wSCFbPxuffW6ysFRiSdUlPonLb9rFreF5ihCiUdIVfocr 200 226 - 41.117 ms
PUT /payment/success/cs_test_a1bcZzO0fx0E8wSCFbPxuffW6ysFRiSdUlPonLb9rFreF5ihCiUdIVfocr 404 53 - 47.570 ms
PUT /payment/success/cs_test_a1bcZzO0fx0E8wSCFbPxuffW6ysFRiSdUlPonLb9rFreF5ihCiUdIVfocr 500 33 - 44.883 ms
PUT /payment/success/cs_test_a1bcZzO0fx0E8wSCFbPxuffW6ysFRiSdUlPonLb9rFreF5ihCiUdIVfocr 404 53 - 64.762 ms
PUT /payment/success/cs_test_a1bcZzO0fx0E8wSCFbPxuffW6ysFRiSdUlPonLb9rFreF5ihCiUdIVfocr 200 230 - 47.935 ms
OPTIONS /user/register 204 0 - 4.781 ms
POST /user/register 400 527 - 245.163 ms
OPTIONS /user/register 204 0 - 0.861 ms
POST /user/register 400 394 - 16.673 ms
OPTIONS /user/register 204 0 - 0.514 ms
POST /user/register 400 287 - 10.423 ms
OPTIONS /user/register 204 0 - 0.934 ms
POST /user/register 400 287 - 8.534 ms
OPTIONS /user/register 204 0 - 1.103 ms
POST /user/register 400 287 - 9.650 ms
OPTIONS /user/register 204 0 - 0.693 ms
POST /user/register 400 287 - 9.341 ms
OPTIONS /user/register 204 0 - 0.716 ms
POST /user/register 201 306 - 5512.901 ms
OPTIONS /user/register 204 0 - 0.482 ms
POST /user/register 201 314 - 1600.740 ms
OPTIONS /user/register 204 0 - 0.579 ms
POST /user/register 400 106 - 98.946 ms
OPTIONS /user/register 204 0 - 1.020 ms
POST /user/register 201 308 - 1145.772 ms
OPTIONS /user/register 204 0 - 3.291 ms
POST /user/register 201 306 - 1270.946 ms
OPTIONS /user/register 204 0 - 0.583 ms
POST /user/register 201 300 - 1462.926 ms
OPTIONS /user/verify 204 0 - 0.571 ms
POST /user/verify 200 13 - 319.787 ms
OPTIONS /user/login 204 0 - 3.156 ms
POST /user/login 200 208 - 746.010 ms
OPTIONS /user/account 204 0 - 0.479 ms
GET /user/account 200 299 - 176.245 ms
OPTIONS /user/register 204 0 - 0.480 ms
POST /user/register 400 831 - 33.222 ms
OPTIONS /user/register 204 0 - 0.842 ms
POST /user/register 400 131 - 81.260 ms
POST /user/register 201 300 - 1784.439 ms
OPTIONS /user/verify 204 0 - 0.437 ms
POST /user/verify 200 13 - 171.748 ms
OPTIONS /user/login 204 0 - 0.469 ms
POST /user/login 200 208 - 191.355 ms
OPTIONS /user/account 204 0 - 2.197 ms
GET /user/account 200 299 - 23.813 ms
OPTIONS /user/register 204 0 - 5.936 ms
POST /user/register 400 831 - 177.957 ms
OPTIONS /user/register 204 0 - 0.707 ms
POST /user/register 400 831 - 9.565 ms
OPTIONS /user/register 204 0 - 3.852 ms
OPTIONS /user/register 204 0 - 0.550 ms
OPTIONS /user/register 204 0 - 1.112 ms
OPTIONS /user/register 204 0 - 2.311 ms
POST /user/register 400 131 - 286.525 ms
POST /user/register 400 131 - 323.231 ms
POST /user/register 400 131 - 331.506 ms
POST /user/register 400 131 - 335.185 ms
POST /user/register 400 131 - 169.831 ms
POST /user/register 400 131 - 186.833 ms
POST /user/register 400 131 - 10.236 ms
POST /user/register 201 301 - 7741.183 ms
OPTIONS /user/register 204 0 - 0.486 ms
POST /user/register 201 306 - 1735.523 ms
OPTIONS /user/verify 204 0 - 0.662 ms
POST /user/verify 200 13 - 250.165 ms
OPTIONS /user/login 204 0 - 0.485 ms
POST /user/login 200 208 - 424.156 ms
OPTIONS /user/account 204 0 - 0.647 ms
GET /user/account 200 305 - 32.832 ms
OPTIONS /user/register 204 0 - 121.480 ms
POST /user/register 400 141 - 1482.313 ms
OPTIONS /user/register 204 0 - 0.694 ms
POST /user/register 400 141 - 13.901 ms
OPTIONS /user/register 204 0 - 2.319 ms
POST /user/register 400 141 - 10.223 ms
OPTIONS /user/register 204 0 - 5.968 ms
POST /user/register 400 146 - 285.080 ms
OPTIONS /user/register 204 0 - 0.564 ms
POST /user/register 400 146 - 60.651 ms
POST /user/register 400 146 - 9.481 ms
OPTIONS /user/register 204 0 - 0.980 ms
POST /user/register 400 141 - 9.914 ms
POST /user/register 400 141 - 9.484 ms
OPTIONS /user/register 204 0 - 1.733 ms
POST /user/register 400 141 - 9.029 ms
OPTIONS /user/register 204 0 - 0.742 ms
POST /user/register 201 304 - 2599.067 ms
OPTIONS /user/register 204 0 - 0.613 ms
POST /user/register 201 304 - 1292.040 ms
OPTIONS /user/register 204 0 - 0.516 ms
POST /user/register 201 297 - 1653.086 ms
POST /caretaker/create 500 1319 - 26.946 ms
POST /caretaker/create 201 453 - 4350.083 ms
POST /caretaker/create 201 453 - 4429.918 ms
POST /caretaker/create 500 33 - 3084.998 ms
POST /caretaker/create 500 33 - 3191.459 ms
POST /caretaker/create 201 539 - 3478.126 ms
OPTIONS /user/login 204 0 - 3.563 ms
POST /user/login 404 26 - 717.200 ms
POST /user/login 404 26 - 119.236 ms
POST /user/login 404 26 - 123.900 ms
OPTIONS /user/login 204 0 - 0.434 ms
POST /user/login 200 208 - 321.192 ms
OPTIONS /user/account 204 0 - 0.510 ms
GET /user/account 200 299 - 9.976 ms
OPTIONS /user/account 204 0 - 0.483 ms
GET /user/account 304 - - 9.129 ms
OPTIONS /user/account 204 0 - 0.643 ms
GET /user/account 304 - - 5.946 ms
OPTIONS /user/account 204 0 - 0.716 ms
GET /user/account 304 - - 8.718 ms
OPTIONS /user/login 204 0 - 0.346 ms
POST /user/login 200 208 - 123.910 ms
OPTIONS /user/account 204 0 - 0.466 ms
GET /user/account 304 - - 7.054 ms
OPTIONS /user/account 204 0 - 0.425 ms
GET /user/account 304 - - 10.123 ms
OPTIONS /user/login 204 0 - 0.509 ms
POST /user/login 200 208 - 119.005 ms
OPTIONS /user/account 204 0 - 0.329 ms
GET /user/account 304 - - 6.940 ms
OPTIONS /user/login 204 0 - 0.341 ms
POST /user/login 200 208 - 122.245 ms
OPTIONS /user/account 204 0 - 0.429 ms
GET /user/account 304 - - 6.881 ms
OPTIONS /user/forgotPassword 204 0 - 0.540 ms
POST /user/forgotPassword 200 37 - 37.581 ms
OPTIONS /user/forgotPassword 204 0 - 0.328 ms
POST /user/forgotPassword 200 37 - 9.083 ms
OPTIONS /user/register 204 0 - 0.569 ms
POST /user/register 201 298 - 2385.528 ms
OPTIONS /user/verify 204 0 - 0.709 ms
POST /user/verify 200 13 - 132.828 ms
OPTIONS /user/login 204 0 - 0.300 ms
POST /user/login 200 208 - 117.258 ms
OPTIONS /user/account 204 0 - 0.216 ms
GET /user/account 200 297 - 4.475 ms
OPTIONS /user/account 204 0 - 0.400 ms
GET /user/account 304 - - 7.178 ms
OPTIONS /user/account 204 0 - 0.535 ms
GET /user/account 304 - - 7.303 ms
OPTIONS /api/users/register 204 0 - 0.735 ms
POST /api/users/register 404 158 - 5.451 ms
OPTIONS /petParent/create 204 0 - 0.564 ms
POST /petParent/create 200 167 - 153.315 ms
OPTIONS /user/account 204 0 - 0.378 ms
GET /user/account 304 - - 8.255 ms
OPTIONS /petParent/create 204 0 - 0.442 ms
POST /petParent/create 200 167 - 10.092 ms
OPTIONS /user/account 204 0 - 0.430 ms
GET /user/account 500 33 - 2.456 ms
OPTIONS /petParent/create 204 0 - 0.603 ms
POST /petParent/create 200 167 - 43.238 ms
OPTIONS /user/account 204 0 - 0.372 ms
GET /user/account 304 - - 7.436 ms
OPTIONS /petParent/create 204 0 - 0.822 ms
POST /petParent/create 200 169 - 9.047 ms
OPTIONS /user/account 204 0 - 1.851 ms
GET /user/account 304 - - 50.605 ms
OPTIONS /petParent/create 204 0 - 0.632 ms
POST /petParent/create 500 1319 - 315.321 ms
OPTIONS /user/account 204 0 - 3.828 ms
GET /user/account 304 - - 25.814 ms
OPTIONS /petParent/create 204 0 - 1.444 ms
POST /petParent/create 500 1319 - 30.751 ms
OPTIONS /petParent/create 204 0 - 3.049 ms
POST /petParent/create 500 22 - 45.758 ms
POST /petParent/create 500 22 - 35.117 ms
POST /petParent/create 500 22 - 73.328 ms
POST /petParent/create 500 22 - 4401.945 ms
POST /petParent/create 201 278 - 3457.982 ms
OPTIONS /petParent/create 204 0 - 1.415 ms
OPTIONS /petParent/create 204 0 - 0.732 ms
POST /petParent/create 201 372 - 5734.905 ms
POST /petParent/create 201 372 - 4951.877 ms
POST /petParent/create 500 1319 - 6.043 ms
POST /petParent/create 500 1319 - 27.678 ms
POST /petParent/create 201 407 - 3951.456 ms
OPTIONS /petParent/create 204 0 - 1.519 ms
POST /petParent/create 500 1319 - 11.684 ms
OPTIONS /user/account 204 0 - 0.644 ms
GET /user/account 304 - - 13.729 ms
OPTIONS /petParent/create 204 0 - 0.713 ms
POST /petParent/create 500 1319 - 7.703 ms
OPTIONS /petParent/create 204 0 - 0.278 ms
POST /petParent/create 201 504 - 4467.201 ms
OPTIONS /user/register 204 0 - 0.892 ms
POST /user/register 201 307 - 2534.229 ms
OPTIONS /user/verify 204 0 - 0.372 ms
POST /user/verify 200 13 - 20.278 ms
OPTIONS /user/login 204 0 - 0.662 ms
POST /user/login 404 26 - 5.845 ms
OPTIONS /user/login 204 0 - 3.112 ms
POST /user/login 404 26 - 5.692 ms
POST /user/login 404 26 - 4.717 ms
OPTIONS /user/login 204 0 - 0.312 ms
POST /user/login 404 26 - 119.030 ms
OPTIONS /user/login 204 0 - 0.370 ms
POST /user/login 404 26 - 120.269 ms
OPTIONS /user/login 204 0 - 0.423 ms
POST /user/login 200 208 - 125.051 ms
OPTIONS /user/account 204 0 - 0.437 ms
GET /user/account 200 306 - 5.939 ms
OPTIONS /user/account 204 0 - 0.546 ms
GET /user/account 304 - - 8.011 ms
OPTIONS /user/account 204 0 - 0.570 ms
GET /user/account 304 - - 6.730 ms
GET /user/account 304 - - 10.439 ms
OPTIONS /user/login 204 0 - 0.410 ms
POST /user/login 200 208 - 127.417 ms
OPTIONS /user/account 204 0 - 0.508 ms
GET /user/account 304 - - 5.199 ms
OPTIONS /user/account 204 0 - 0.609 ms
GET /user/account 304 - - 12.313 ms
OPTIONS /user/account 204 0 - 0.419 ms
GET /user/account 304 - - 10.069 ms
OPTIONS /user/account 204 0 - 0.364 ms
GET /user/account 304 - - 7.373 ms
OPTIONS /caretaker/create 204 0 - 0.414 ms
OPTIONS /caretaker/create 204 0 - 0.514 ms
POST /caretaker/create 500 33 - 11405.094 ms
POST /caretaker/create 500 33 - 7272.747 ms
OPTIONS /caretaker/create 204 0 - 0.623 ms
POST /caretaker/create 500 33 - 7841.444 ms
OPTIONS /caretaker/create 204 0 - 0.645 ms
POST /caretaker/create 500 33 - 5250.164 ms
OPTIONS /caretaker/create 204 0 - 0.479 ms
POST /caretaker/create 500 33 - 5342.226 ms
POST /caretaker/create 201 539 - 2789.740 ms
OPTIONS /user/account 204 0 - 0.654 ms
GET /user/account 304 - - 10.988 ms
OPTIONS /caretaker/create 204 0 - 0.941 ms
POST /caretaker/create 201 558 - 6028.094 ms
OPTIONS /user/account 204 0 - 0.469 ms
GET /user/account 304 - - 7.560 ms
OPTIONS /user/account 204 0 - 0.395 ms
GET /user/account 304 - - 6.088 ms
OPTIONS /user/account 204 0 - 0.288 ms
GET /user/account 304 - - 8.272 ms
OPTIONS /user/account 204 0 - 0.432 ms
GET /user/account 304 - - 8.739 ms
OPTIONS /user/account 204 0 - 0.474 ms
GET /user/account 304 - - 8.557 ms
OPTIONS /user/account 204 0 - 0.448 ms
GET /user/account 304 - - 6.978 ms
OPTIONS /user/account 204 0 - 1.427 ms
GET /user/account 304 - - 6.556 ms
OPTIONS /caretaker/create 204 0 - 0.536 ms
POST /caretaker/create 201 639 - 14387.639 ms
OPTIONS /user/account 204 0 - 0.454 ms
GET /user/account 304 - - 7.611 ms
OPTIONS /user/account 204 0 - 0.330 ms
GET /user/account 304 - - 13.547 ms
OPTIONS /user/account 204 0 - 0.700 ms
GET /user/account 304 - - 8.041 ms
OPTIONS /caretaker/create 204 0 - 0.452 ms
POST /caretaker/create 201 558 - 5806.707 ms
OPTIONS /user/account 204 0 - 0.660 ms
GET /user/account 304 - - 7.801 ms
OPTIONS /user/account 204 0 - 0.377 ms
GET /user/account 304 - - 6.988 ms
OPTIONS /user/account 204 0 - 0.368 ms
GET /user/account 304 - - 7.563 ms
OPTIONS /caretaker/create 204 0 - 0.456 ms
POST /caretaker/create 201 560 - 5288.769 ms
OPTIONS /user/account 204 0 - 0.468 ms
GET /user/account 304 - - 11.085 ms
OPTIONS /caretaker/create 204 0 - 0.356 ms
POST /caretaker/create 201 558 - 16607.456 ms
OPTIONS /caretaker/create 204 0 - 0.734 ms
POST /caretaker/create 201 550 - 4717.101 ms
OPTIONS /caretaker/create 204 0 - 0.426 ms
POST /caretaker/create 201 554 - 5834.998 ms
OPTIONS /caretaker/create 204 0 - 0.374 ms
POST /caretaker/create 201 550 - 5088.949 ms
OPTIONS /caretaker/create 204 0 - 0.370 ms
POST /caretaker/create 201 508 - 2343.617 ms
OPTIONS /caretaker/create 204 0 - 0.396 ms
POST /caretaker/create 201 562 - 13943.315 ms
OPTIONS /caretaker/create 204 0 - 0.441 ms
POST /caretaker/create 201 639 - 5479.340 ms
OPTIONS /caretaker/create 204 0 - 0.516 ms
OPTIONS /caretaker/create 204 0 - 0.569 ms
POST /caretaker/create 201 558 - 17595.613 ms
POST /caretaker/create 201 640 - 14920.573 ms
OPTIONS /user/account 204 0 - 5.571 ms
GET /user/account 304 - - 73.189 ms
OPTIONS /user/account 204 0 - 0.580 ms
GET /user/account 500 33 - 3.505 ms
OPTIONS /caretaker/create 204 0 - 0.445 ms
POST /caretaker/create 201 558 - 9643.954 ms
OPTIONS /caretaker/create 204 0 - 0.522 ms
POST /caretaker/create 201 638 - 5016.321 ms
OPTIONS /user/account 204 0 - 2.690 ms
GET /user/account 304 - - 437.071 ms
OPTIONS /caretaker/create 204 0 - 1.138 ms
POST /caretaker/create 201 562 - 9399.513 ms
OPTIONS /user/account 204 0 - 4.983 ms
GET /user/account 200 306 - 104.287 ms
OPTIONS /user/account 204 0 - 7.374 ms
GET /user/account 304 - - 56.901 ms
OPTIONS /caretaker/create 204 0 - 0.778 ms
POST /caretaker/create 201 558 - 5612.726 ms
OPTIONS /caretaker/create 204 0 - 1.497 ms
POST /caretaker/create 201 642 - 3600.120 ms
OPTIONS /caretaker/create 204 0 - 0.649 ms
POST /caretaker/create 201 560 - 10745.475 ms
OPTIONS /caretaker/create 204 0 - 0.596 ms
POST /caretaker/create 201 642 - 4976.646 ms
OPTIONS /user/account 204 0 - 5.090 ms
GET /user/account 304 - - 24.219 ms
OPTIONS /user/account 204 0 - 0.467 ms
GET /user/account 304 - - 9.973 ms
OPTIONS /user/register 204 0 - 0.644 ms
POST /user/register 201 302 - 2494.281 ms
OPTIONS /user/verify 204 0 - 0.217 ms
POST /user/verify 200 13 - 139.116 ms
OPTIONS /user/verify 204 0 - 0.641 ms
POST /user/verify 200 13 - 22.210 ms
OPTIONS /user/verify 204 0 - 0.436 ms
POST /user/verify 200 13 - 7.215 ms
OPTIONS /user/login 204 0 - 0.376 ms
POST /user/login 200 208 - 109.716 ms
OPTIONS /user/account 204 0 - 0.208 ms
GET /user/account 200 301 - 3.737 ms
OPTIONS /user/account 204 0 - 0.410 ms
GET /user/account 304 - - 10.405 ms
OPTIONS /user/account 204 0 - 0.467 ms
GET /user/account 304 - - 7.222 ms
OPTIONS /user/account 204 0 - 0.330 ms
GET /user/account 304 - - 6.407 ms
OPTIONS /user/account 204 0 - 0.422 ms
GET /user/account 304 - - 7.010 ms
OPTIONS /user/login 204 0 - 0.234 ms
POST /user/login 200 208 - 121.975 ms
OPTIONS /user/account 204 0 - 0.208 ms
GET /user/account 304 - - 3.934 ms
OPTIONS /user/account 204 0 - 0.332 ms
GET /user/account 304 - - 7.132 ms
OPTIONS /user/account 204 0 - 0.466 ms
GET /user/account 304 - - 7.053 ms
OPTIONS /user/account 204 0 - 0.940 ms
GET /user/account 304 - - 7.938 ms
OPTIONS /user/account 204 0 - 0.686 ms
GET /user/account 304 - - 5.649 ms
OPTIONS /petParent/create 204 0 - 0.483 ms
POST /petParent/create 201 504 - 4852.301 ms
OPTIONS /petParent/create 204 0 - 0.834 ms
POST /petParent/create 201 504 - 3486.356 ms
OPTIONS /user/account 204 0 - 0.341 ms
GET /user/account 304 - - 6.933 ms
OPTIONS /user/account 204 0 - 0.668 ms
GET /user/account 304 - - 8.024 ms
OPTIONS /user/account 204 0 - 0.306 ms
GET /user/account 304 - - 8.016 ms
OPTIONS /petParent/create 204 0 - 0.722 ms
POST /petParent/create 201 504 - 3637.842 ms
OPTIONS /user/account 204 0 - 0.370 ms
GET /user/account 304 - - 4.774 ms
OPTIONS /user/account 204 0 - 4.518 ms
GET /user/account 304 - - 26.791 ms
OPTIONS /user/account 204 0 - 0.721 ms
GET /user/account 304 - - 10.436 ms
OPTIONS /user/account 204 0 - 2.914 ms
GET /user/account 304 - - 12.987 ms
OPTIONS /petParent/create 204 0 - 0.836 ms
POST /petParent/create 201 504 - 3421.142 ms
OPTIONS /petParent/create 204 0 - 0.415 ms
POST /petParent/create 201 507 - 2956.751 ms
OPTIONS /user/account 204 0 - 0.590 ms
GET /user/account 304 - - 7.737 ms
GET /user/account 304 - - 8.910 ms
OPTIONS /user/account 204 0 - 0.512 ms
GET /user/account 304 - - 4.745 ms
OPTIONS /user/account 204 0 - 0.577 ms
GET /user/account 304 - - 7.062 ms
OPTIONS /user/account 204 0 - 0.832 ms
GET /user/account 304 - - 11.666 ms
OPTIONS /user/account 204 0 - 1.079 ms
GET /user/account 304 - - 8.059 ms
OPTIONS /petParent/oneParent/undefined 204 0 - 0.519 ms
GET /petParent/oneParent/undefined 500 33 - 7.195 ms
OPTIONS /user/account 204 0 - 1.202 ms
GET /user/account 304 - - 7.820 ms
OPTIONS /petParent/oneParent/undefined 204 0 - 0.288 ms
GET /petParent/oneParent/undefined 500 33 - 4.558 ms
OPTIONS /user/account 204 0 - 0.378 ms
GET /user/account 304 - - 7.646 ms
OPTIONS /user/account 204 0 - 0.548 ms
GET /user/account 304 - - 8.549 ms
OPTIONS /petParent/oneParent/undefined 204 0 - 0.422 ms
GET /petParent/oneParent/undefined 500 33 - 4.792 ms
OPTIONS /user/account 204 0 - 0.457 ms
GET /user/account 304 - - 6.299 ms
OPTIONS /user/account 204 0 - 0.504 ms
GET /user/account 304 - - 7.413 ms
OPTIONS /user/account 204 0 - 0.390 ms
GET /user/account 304 - - 5.798 ms
OPTIONS /petParent/oneParent/undefined 204 0 - 0.338 ms
GET /petParent/oneParent/undefined 500 33 - 4.773 ms
OPTIONS /user/account 204 0 - 0.486 ms
GET /user/account 304 - - 8.478 ms
OPTIONS /petParent/oneParent/undefined 204 0 - 0.377 ms
GET /petParent/oneParent/undefined 500 33 - 8.948 ms
OPTIONS /petParent/oneParent/undefined 204 0 - 0.356 ms
GET /petParent/oneParent/undefined 500 33 - 4.593 ms
OPTIONS /petParent/oneParent/undefined 204 0 - 0.489 ms
GET /petParent/oneParent/undefined 500 33 - 13.007 ms
OPTIONS /user/account 204 0 - 0.402 ms
GET /user/account 304 - - 5.748 ms
OPTIONS /user/account 204 0 - 2.343 ms
GET /user/account 304 - - 7.220 ms
OPTIONS /user/account 204 0 - 0.392 ms
GET /user/account 304 - - 6.240 ms
GET /user/account 304 - - 8.799 ms
OPTIONS /petParent/oneParent/undefined 204 0 - 0.911 ms
GET /petParent/oneParent/undefined 500 33 - 5.343 ms
OPTIONS /petParent/oneParent/undefined 204 0 - 0.529 ms
GET /petParent/oneParent/undefined 500 33 - 3.979 ms
OPTIONS /user/account 204 0 - 0.251 ms
GET /user/account 304 - - 6.042 ms
OPTIONS /user/account 204 0 - 0.328 ms
GET /user/account 304 - - 5.304 ms
OPTIONS /user/account 204 0 - 0.371 ms
GET /user/account 304 - - 6.338 ms
OPTIONS /user/account 204 0 - 0.400 ms
GET /user/account 304 - - 8.045 ms
OPTIONS /user/account 204 0 - 0.307 ms
GET /user/account 304 - - 6.794 ms
OPTIONS /user/account 204 0 - 0.389 ms
GET /user/account 304 - - 6.003 ms
OPTIONS /user/account 204 0 - 0.498 ms
GET /user/account 304 - - 10.531 ms
OPTIONS /user/account 204 0 - 0.525 ms
GET /user/account 304 - - 7.121 ms
OPTIONS /user/account 204 0 - 0.527 ms
GET /user/account 304 - - 6.980 ms
OPTIONS /user/account 204 0 - 0.385 ms
GET /user/account 304 - - 8.385 ms
OPTIONS /pet/create 204 0 - 0.818 ms
POST /pet/create 200 244 - 517.808 ms
OPTIONS /pet/create 204 0 - 0.254 ms
POST /pet/create 200 247 - 608.686 ms
OPTIONS /pet/create 204 0 - 0.529 ms
POST /pet/create 200 247 - 614.144 ms
OPTIONS /pet/create 204 0 - 0.321 ms
POST /pet/create 200 248 - 253.557 ms
OPTIONS /user/account 204 0 - 0.373 ms
GET /user/account 304 - - 133.628 ms
OPTIONS /user/account 204 0 - 0.428 ms
GET /user/account 304 - - 5.220 ms
OPTIONS /pet/create 204 0 - 0.315 ms
POST /pet/create 500 1328 - 2159.548 ms
OPTIONS /user/account 204 0 - 0.299 ms
GET /user/account 304 - - 20.474 ms
OPTIONS /user/account 204 0 - 0.527 ms
GET /user/account 304 - - 6.522 ms
OPTIONS /pet/create 204 0 - 0.218 ms
POST /pet/create 500 1328 - 4332.499 ms
OPTIONS /user/account 204 0 - 0.701 ms
GET /user/account 304 - - 9.998 ms
OPTIONS /pet/create 204 0 - 0.371 ms
POST /pet/create 200 243 - 117.002 ms
OPTIONS /user/account 204 0 - 0.496 ms
GET /user/account 500 33 - 3.115 ms
OPTIONS /user/account 204 0 - 0.440 ms
GET /user/account 304 - - 7.586 ms
OPTIONS /user/account 204 0 - 0.381 ms
GET /user/account 304 - - 5.052 ms
OPTIONS /pet/create 204 0 - 0.426 ms
POST /pet/create 200 186 - 113.281 ms
OPTIONS /petParent/oneParent/undefined 204 0 - 0.841 ms
GET /petParent/oneParent/undefined 500 33 - 4.702 ms
OPTIONS /user/account 204 0 - 0.405 ms
GET /user/account 304 - - 8.159 ms
OPTIONS /pet/create 204 0 - 0.543 ms
POST /pet/create 200 245 - 39.576 ms
OPTIONS /petParent/oneParent/ 204 0 - 1.321 ms
GET /petParent/oneParent/ 404 159 - 1.930 ms
OPTIONS /petParent/oneParent/undefined 204 0 - 0.334 ms
GET /petParent/oneParent/undefined 500 33 - 7.589 ms
OPTIONS /user/account 204 0 - 0.449 ms
GET /user/account 304 - - 6.845 ms
OPTIONS /user/account 204 0 - 0.818 ms
GET /user/account 500 33 - 2.583 ms
OPTIONS /user/login 204 0 - 0.245 ms
POST /user/login 200 208 - 252.340 ms
OPTIONS /user/account 204 0 - 0.315 ms
GET /user/account 200 306 - 3.938 ms
OPTIONS /api/newcaretaker 204 0 - 0.432 ms
POST /api/newcaretaker 404 156 - 510.897 ms
OPTIONS /caretaker/create 204 0 - 0.360 ms
POST /caretaker/create 500 33 - 14088.027 ms
OPTIONS /caretaker/create 204 0 - 0.471 ms
POST /caretaker/create 500 33 - 15034.793 ms
OPTIONS /caretaker/create 204 0 - 0.252 ms
POST /caretaker/create 500 33 - 10182.134 ms
OPTIONS /caretaker/create 204 0 - 0.313 ms
POST /caretaker/create 500 33 - 7705.745 ms
OPTIONS /caretaker/create 204 0 - 0.417 ms
POST /caretaker/create - - - - ms
OPTIONS /user/account 204 0 - 0.398 ms
GET /user/account 304 - - 10.448 ms
OPTIONS /caretaker/create 204 0 - 0.531 ms
POST /caretaker/create 500 33 - 5444.376 ms
OPTIONS /user/account 204 0 - 3.958 ms
GET /user/account 304 - - 382.520 ms
OPTIONS /user/account 204 0 - 0.603 ms
GET /user/account 304 - - 9.798 ms
OPTIONS /user/account 204 0 - 0.960 ms
GET /user/account 304 - - 5.092 ms
OPTIONS /user/account 204 0 - 0.596 ms
GET /user/account 304 - - 7.463 ms
OPTIONS /petParent/oneParent/:id 204 0 - 0.313 ms
GET /petParent/oneParent/:id 403 30 - 6.207 ms
OPTIONS /localhost:3999/petParent/oneParent/:id 204 0 - 0.447 ms
GET /localhost:3999/petParent/oneParent/:id 404 177 - 4.670 ms
OPTIONS /localhost:3999/petParent/oneParent/:id 204 0 - 0.526 ms
GET /localhost:3999/petParent/oneParent/:id 404 177 - 3.676 ms
OPTIONS /user/login 204 0 - 0.289 ms
POST /user/login 200 208 - 967.864 ms
OPTIONS /user/account 204 0 - 0.341 ms
GET /user/account 200 301 - 6.261 ms
OPTIONS /localhost:3999/petParent/oneParent/:id 204 0 - 0.673 ms
GET /localhost:3999/petParent/oneParent/:id 404 177 - 0.746 ms
OPTIONS /user/account 204 0 - 0.695 ms
GET /user/account 304 - - 8.659 ms
OPTIONS /localhost:3999/petParent/oneParent/:id 204 0 - 1.695 ms
OPTIONS /user/account 204 0 - 0.734 ms
GET /localhost:3999/petParent/oneParent/:id 404 177 - 0.820 ms
GET /user/account 304 - - 8.313 ms
GET /petParent/showall 200 1014 - 98.384 ms
GET /petParent/oneParent/669dfa9a798b9280d2fb9774 404 - - 9.226 ms
GET /petParent/oneParent/66a3d8efd839dbcc1341373c 200 504 - 10.207 ms
OPTIONS /localhost:3999/petParent/oneParent/:id 204 0 - 1.441 ms
GET /localhost:3999/petParent/oneParent/:id 404 177 - 5.826 ms
OPTIONS /localhost:3999/petParent/oneParent/:id 204 0 - 0.576 ms
GET /localhost:3999/petParent/oneParent/:id 404 177 - 2.908 ms
OPTIONS /localhost:3999/petParent/oneParent/:id 204 0 - 0.499 ms
GET /localhost:3999/petParent/oneParent/:id 404 177 - 1.916 ms
OPTIONS /localhost:3999/petParent/oneParent/:id 204 0 - 6.222 ms
OPTIONS /user/account 204 0 - 0.671 ms
GET /localhost:3999/petParent/oneParent/:id 404 177 - 9.320 ms
GET /user/account 304 - - 50.841 ms
GET /localhost:3999/petParent/oneParent/:id 404 177 - 2.593 ms
OPTIONS /localhost:3999/petParent/oneParent/::id 204 0 - 0.458 ms
GET /localhost:3999/petParent/oneParent/::id 404 178 - 0.998 ms
OPTIONS /localhost:3999/petParent/oneParent/::id 204 0 - 0.440 ms
OPTIONS /user/account 204 0 - 0.379 ms
GET /localhost:3999/petParent/oneParent/::id 404 178 - 1.308 ms
GET /user/account 304 - - 14.321 ms
OPTIONS /localhost:3999/petParent/oneParent/:id 204 0 - 0.407 ms
GET /localhost:3999/petParent/oneParent/:id 404 177 - 0.603 ms
OPTIONS /petParent/oneParent/:id 204 0 - 0.518 ms
GET /petParent/oneParent/:id 404 162 - 0.817 ms
GET /petParent/oneParent/:id 404 162 - 1.201 ms
OPTIONS /user/account 204 0 - 0.406 ms
GET /user/account 304 - - 14.678 ms
OPTIONS /user/login 204 0 - 0.509 ms
POST /user/login 200 208 - 539.674 ms
OPTIONS /user/account 204 0 - 0.467 ms
GET /user/account 304 - - 5.541 ms
OPTIONS /petParent/oneParent/:id 204 0 - 0.688 ms
GET /petParent/oneParent/:id 404 162 - 2.292 ms
OPTIONS /user/account 204 0 - 0.490 ms
GET /user/account 304 - - 22.736 ms
OPTIONS /petParent/oneParent/:id 204 0 - 0.329 ms
GET /petParent/oneParent/:id 404 162 - 0.805 ms
OPTIONS /user/account 204 0 - 0.737 ms
GET /user/account 500 33 - 10.035 ms
OPTIONS /petParent/oneParent/:id 204 0 - 0.269 ms
GET /petParent/oneParent/:id 404 162 - 1.798 ms
OPTIONS /user/account 204 0 - 0.394 ms
GET /user/account 304 - - 6.236 ms
OPTIONS /user/account 204 0 - 4.031 ms
GET /user/account 500 33 - 6.393 ms
OPTIONS /user/login 204 0 - 0.348 ms
POST /user/login 200 208 - 670.398 ms
OPTIONS /user/account 204 0 - 0.226 ms
GET /user/account 200 301 - 6.360 ms
OPTIONS /petParent/oneParent/:id 204 0 - 0.717 ms
OPTIONS /user/account 204 0 - 0.401 ms
GET /petParent/oneParent/:id 404 162 - 5.498 ms
GET /user/account 304 - - 5.435 ms
OPTIONS /user/account 204 0 - 37.752 ms
GET /user/account 304 - - 289.173 ms
OPTIONS /user/account 204 0 - 0.984 ms
GET /user/account 304 - - 129.147 ms
OPTIONS /user/account 204 0 - 0.510 ms
GET /user/account 304 - - 5.061 ms
OPTIONS /petParent/oneParent/:id 204 0 - 49.550 ms
GET /petParent/oneParent/:id 404 162 - 86.239 ms
OPTIONS /user/account 204 0 - 1.200 ms
GET /user/account 304 - - 9.438 ms
OPTIONS /petParent/oneParent/:id 204 0 - 0.647 ms
GET /petParent/oneParent/:id 404 162 - 0.989 ms
OPTIONS /petParent/oneParent/:id 204 0 - 0.571 ms
OPTIONS /user/account 204 0 - 2.556 ms
GET /petParent/oneParent/:id 404 162 - 1.133 ms
GET /user/account 304 - - 28.137 ms
OPTIONS /user/login 204 0 - 0.446 ms
POST /user/login 200 208 - 1100.170 ms
OPTIONS /user/account 204 0 - 1.235 ms
GET /user/account 304 - - 34.059 ms
OPTIONS /petParent/oneParent/:id 204 0 - 0.478 ms
GET /petParent/oneParent/:id 404 162 - 2.905 ms
OPTIONS /petParent/oneParent/66a4a323a753e30c53fcc042 204 0 - 0.814 ms
OPTIONS /user/account 204 0 - 0.464 ms
GET /petParent/oneParent/66a4a323a753e30c53fcc042 404 183 - 0.961 ms
GET /user/account 304 - - 20.194 ms
OPTIONS /petParent/oneParent/66a4ae219a5a013b2ef0af61 204 0 - 0.495 ms
OPTIONS /user/account 204 0 - 0.387 ms
GET /petParent/oneParent/66a4ae219a5a013b2ef0af61 404 183 - 1.010 ms
GET /user/account 304 - - 29.413 ms
OPTIONS /petParent/oneParent/66a4ae219a5a013b2ef0af61 204 0 - 0.386 ms
GET /petParent/oneParent/66a4ae219a5a013b2ef0af61 404 183 - 0.813 ms
OPTIONS /petParent/oneParent/:id 204 0 - 0.410 ms
GET /petParent/oneParent/:id 404 162 - 0.511 ms
GET /petParent/showall 200 1014 - 498.693 ms
GET /petParent/oneParent/66a3d8efd839dbcc1341373c 404 183 - 2.430 ms
OPTIONS /petParent/oneParent/:id 204 0 - 0.420 ms
GET /petParent/oneParent/:id 404 162 - 1.995 ms
OPTIONS /user/account 204 0 - 0.478 ms
GET /user/account 304 - - 59.425 ms
GET /petParent/oneParent/66a3d8efd839dbcc1341373c 404 183 - 5.428 ms
POST /user/register 400 139 - 204.759 ms
POST /user/register 201 306 - 2634.491 ms
POST /user/login 404 26 - 12.277 ms
POST /user/login 200 208 - 148.429 ms
POST /petParent/create 201 511 - 6261.053 ms
GET /petParent/oneParent 404 20 - 84.330 ms
GET /petParent/oneParent 500 33 - 10.854 ms
GET /petParent/oneParent 200 4 - 27.618 ms
GET /petParent/oneParent 404 33 - 40.898 ms
GET /petParent/oneParent 500 33 - 20.959 ms
GET /petParent/oneParent 500 33 - 61.639 ms
GET /petParent/oneParent 500 33 - 24.404 ms
GET /petParent/oneParent 404 27 - 24.943 ms
GET /petParent/oneParent 404 27 - 44.361 ms
GET /petParent/oneParent 404 27 - 45.100 ms
GET /petParent/oneParent 200 461 - 73.650 ms
OPTIONS /user/account 204 0 - 2.114 ms
GET /user/account 304 - - 11.477 ms
OPTIONS /petParent/oneParent 204 0 - 1.157 ms
GET /petParent/oneParent 200 462 - 12.713 ms
GET /careTaker/singlecareTaker 200 4 - 42.518 ms
OPTIONS /petParent/oneParent 204 0 - 1.794 ms
GET /petParent/oneParent 304 - - 31.093 ms
OPTIONS /user/account 204 0 - 0.550 ms
GET /petParent/oneParent 304 - - 23.493 ms
GET /user/account 304 - - 9.340 ms
OPTIONS /user/login 204 0 - 0.944 ms
POST /user/login 200 208 - 762.506 ms
OPTIONS /user/account 204 0 - 0.243 ms
GET /user/account 304 - - 4.473 ms
OPTIONS /petParent/oneParent 204 0 - 0.516 ms
GET /petParent/oneParent 304 - - 23.908 ms
OPTIONS /petParent/oneParent 204 0 - 0.690 ms
GET /petParent/oneParent 304 - - 13.848 ms
OPTIONS /user 204 0 - 0.680 ms
GET /user 404 143 - 3.612 ms
OPTIONS /petParent/oneParent 204 0 - 0.421 ms
OPTIONS /user/account 204 0 - 0.336 ms
GET /user/account 304 - - 15.464 ms
GET /petParent/oneParent 304 - - 22.604 ms
OPTIONS /user 204 0 - 0.674 ms
GET /user 404 143 - 5.354 ms
OPTIONS /petParent/oneParent 204 0 - 0.584 ms
GET /petParent/oneParent 304 - - 11.227 ms
OPTIONS /petParent/oneParent 204 0 - 0.422 ms
GET /petParent/oneParent 304 - - 13.184 ms
OPTIONS /user/account 204 0 - 0.406 ms
GET /user/account 304 - - 11.714 ms
GET /petParent/oneParent 304 - - 20.645 ms
GET /petParent/oneParent 200 511 - 71.792 ms
OPTIONS /petParent/oneParent 204 0 - 2.118 ms
OPTIONS /user/account 204 0 - 1.048 ms
GET /user/account 304 - - 16.626 ms
GET /petParent/oneParent 200 507 - 30.705 ms
OPTIONS /petParent/oneParent 204 0 - 0.483 ms
GET /petParent/oneParent 304 - - 16.634 ms
OPTIONS /user/login 204 0 - 0.655 ms
POST /user/login 200 208 - 250.254 ms
OPTIONS /user/account 204 0 - 0.270 ms
GET /user/account 304 - - 4.318 ms
OPTIONS /petParent/oneParent 204 0 - 0.719 ms
GET /petParent/oneParent 304 - - 15.673 ms
OPTIONS /petParent/oneParent 204 0 - 0.301 ms
GET /petParent/oneParent 304 - - 9.580 ms
OPTIONS /petParent/oneParent 204 0 - 0.473 ms
OPTIONS /user/account 204 0 - 0.471 ms
GET /user/account 304 - - 7.720 ms
GET /petParent/oneParent 304 - - 20.022 ms
OPTIONS /petParent/oneParent 204 0 - 0.541 ms
GET /petParent/oneParent 304 - - 13.624 ms
OPTIONS /petParent/oneParent 204 0 - 1.606 ms
GET /petParent/oneParent 304 - - 15.417 ms
OPTIONS /user/account 204 0 - 0.587 ms
GET /petParent/oneParent 304 - - 18.435 ms
GET /user/account 304 - - 14.935 ms
POST /user/register 201 304 - 2890.732 ms
POST /user/login 200 208 - 112.296 ms
GET /careTaker/singlecareTaker 200 4 - 18.604 ms
GET /careTaker/singlecareTaker 200 4 - 4.109 ms
GET /careTaker/singlecareTaker 200 28 - 38.134 ms
POST /caretaker/create 201 539 - 3935.296 ms
POST /caretaker/create 201 641 - 2732.966 ms
GET /careTaker/singlecareTaker 200 641 - 8.981 ms
GET /careTaker/singlecareTaker 200 641 - 53.164 ms
OPTIONS /user/account 204 0 - 4.074 ms
GET /user/account 304 - - 54.172 ms
OPTIONS /user/login 204 0 - 0.480 ms
POST /user/login 404 26 - 330.551 ms
OPTIONS /user/login 204 0 - 0.578 ms
POST /user/login 404 26 - 126.775 ms
POST /user/login 404 26 - 107.246 ms
OPTIONS /user/login 204 0 - 0.319 ms
POST /user/login 200 208 - 108.503 ms
OPTIONS /user/account 204 0 - 0.392 ms
GET /user/account 200 304 - 5.754 ms
OPTIONS /careTaker/singlecareTaker 204 0 - 0.561 ms
GET /careTaker/singlecareTaker 200 641 - 50.958 ms
OPTIONS /caretaker/create 204 0 - 0.615 ms
OPTIONS /caretaker/create 204 0 - 1.217 ms
POST /caretaker/create 500 33 - 7436.610 ms
POST /caretaker/create 500 33 - 27549.270 ms
OPTIONS /caretaker/create 204 0 - 0.865 ms
POST /caretaker/create 500 33 - 7728.380 ms
POST /user/login 200 208 - 168.722 ms
POST /petParent/create 201 507 - 3816.736 ms
POST /pet/create 200 301 - 2056.961 ms
POST /pet/create 500 16 - 52.429 ms
POST /pet/create 200 301 - 2144.260 ms
OPTIONS /petParent/oneParent 204 0 - 0.923 ms
GET /petParent/oneParent 403 30 - 7.696 ms
OPTIONS /petParent/oneParent 204 0 - 0.694 ms
OPTIONS /user/account 204 0 - 0.394 ms
GET /petParent/oneParent 403 30 - 2.808 ms
GET /user/account 304 - - 13.889 ms
OPTIONS /careTaker/singlecareTaker 204 0 - 0.281 ms
GET /careTaker/singlecareTaker 304 - - 26.732 ms
OPTIONS /user/login 204 0 - 0.508 ms
POST /user/login 200 208 - 740.468 ms
OPTIONS /user/account 204 0 - 0.299 ms
GET /user/account 200 301 - 6.707 ms
OPTIONS /petParent/oneParent 204 0 - 1.894 ms
GET /petParent/oneParent 200 507 - 18.006 ms
OPTIONS /petParent/oneParent 204 0 - 0.576 ms
OPTIONS /user/account 204 0 - 0.579 ms
GET /user/account 304 - - 15.850 ms
GET /petParent/oneParent 304 - - 29.280 ms
OPTIONS /pet/create 204 0 - 0.635 ms
GET /pet/create 404 149 - 4.521 ms
OPTIONS /pet/create 204 0 - 0.466 ms
POST /pet/create 200 440 - 29.489 ms
GET /pet/create 404 149 - 1.891 ms
OPTIONS /pet/singlePet 204 0 - 0.722 ms
GET /pet/singlePet 200 28 - 6.777 ms
OPTIONS /pet/singlePet 204 0 - 1.251 ms
GET /pet/singlePet 304 - - 11.602 ms
OPTIONS /pet/singlePet 204 0 - 0.699 ms
OPTIONS /user/account 204 0 - 0.889 ms
GET /pet/singlePet 304 - - 14.220 ms
GET /user/account 304 - - 9.285 ms
OPTIONS /pet/create 204 0 - 0.651 ms
OPTIONS /user/account 204 0 - 0.528 ms
GET /pet/create 404 149 - 1.161 ms
GET /user/account 304 - - 8.310 ms
GET /pet/create 404 149 - 3.450 ms
GET /user/account 304 - - 8.200 ms
POST /pet/create 200 400 - 2323.298 ms
OPTIONS /pet/create 204 0 - 6.536 ms
GET /pet/create 404 149 - 3.365 ms
OPTIONS /user/account 204 0 - 0.606 ms
GET /user/account 304 - - 31.237 ms
OPTIONS /pet/create 204 0 - 0.676 ms
POST /pet/create 200 498 - 697.552 ms
OPTIONS /pet/create 204 0 - 0.348 ms
GET /pet/create 404 149 - 2.303 ms
OPTIONS /pet/singlePet 204 0 - 0.711 ms
GET /pet/singlePet 304 - - 9.378 ms
OPTIONS /user/account 204 0 - 2.320 ms
GET /pet/singlePet 304 - - 16.245 ms
GET /user/account 304 - - 10.392 ms
OPTIONS /pet/singlePet 204 0 - 0.642 ms
OPTIONS /user/account 204 0 - 0.401 ms
GET /pet/singlePet 304 - - 8.689 ms
GET /user/account 304 - - 6.724 ms
OPTIONS /careTaker/singlecareTaker 204 0 - 0.246 ms
GET /careTaker/singlecareTaker 200 28 - 12.380 ms
OPTIONS /careTaker/singlecareTaker 204 0 - 0.381 ms
OPTIONS /user/account 204 0 - 0.431 ms
GET /careTaker/singlecareTaker 304 - - 16.191 ms
GET /user/account 304 - - 14.525 ms
OPTIONS /pet/singlePet 204 0 - 0.495 ms
OPTIONS /user/account 204 0 - 0.412 ms
GET /pet/singlePet 304 - - 12.295 ms
GET /user/account 304 - - 9.049 ms
OPTIONS /user/account 204 0 - 2.074 ms
GET /user/account 304 - - 8.611 ms
OPTIONS /careTaker/singlecareTaker 204 0 - 0.447 ms
GET /careTaker/singlecareTaker 304 - - 10.685 ms
OPTIONS /careTaker/singlecareTaker 204 0 - 0.804 ms
OPTIONS /user/account 204 0 - 0.411 ms
GET /careTaker/singlecareTaker 304 - - 14.979 ms
GET /user/account 304 - - 13.929 ms
OPTIONS /user/account 204 0 - 0.496 ms
GET /user/account 304 - - 8.333 ms
GET /user/account 304 - - 9.163 ms
OPTIONS /pet/create 204 0 - 0.381 ms
GET /pet/create 404 149 - 1.124 ms
GET /pet/create 404 149 - 0.839 ms
OPTIONS /pet/singlePet 204 0 - 0.378 ms
GET /pet/singlePet 304 - - 7.330 ms
GET /pet/singlePet 304 - - 12.005 ms
OPTIONS /user/account 204 0 - 0.484 ms
GET /user/account 304 - - 6.365 ms
OPTIONS /pet/singlePet 204 0 - 0.325 ms
GET /user/account 304 - - 14.559 ms
GET /pet/singlePet 304 - - 12.928 ms
OPTIONS /pet/singlePet 204 0 - 1.211 ms
OPTIONS /user/account 204 0 - 0.644 ms
GET /pet/singlePet 304 - - 9.713 ms
GET /user/account 304 - - 7.297 ms
GET /pet/singlePet 304 - - 6.003 ms
GET /user/account 304 - - 12.169 ms
POST /user/login%20 404 153 - 0.698 ms
POST /user/login%20 404 153 - 0.613 ms
POST /user/register 201 304 - 2523.832 ms
POST /user/login%20 404 153 - 1.753 ms
POST /user/login%20 404 153 - 0.558 ms
POST /user/login 200 208 - 148.058 ms
POST /petParent/create 201 509 - 3504.442 ms
POST /pet/create 200 400 - 2328.230 ms
GET /pet/singlePet 200 28 - 3.611 ms
GET /pet/singlePet 200 28 - 25.511 ms
GET /pet/singlePet 200 28 - 26.087 ms
GET /pet/singlePet 200 28 - 8.397 ms
GET /pet/singlePet 200 28 - 10.911 ms
GET /pet/singlePet 404 28 - 25.500 ms
OPTIONS /pet/singlePet 204 0 - 2.000 ms
GET /pet/singlePet 404 28 - 11.138 ms
OPTIONS /pet/singlePet 204 0 - 1.259 ms
OPTIONS /user/account 204 0 - 0.554 ms
GET /pet/singlePet 404 28 - 18.575 ms
GET /user/account 304 - - 31.810 ms
GET /pet/singlePet 200 28 - 36.852 ms
GET /petParent/oneParent 200 511 - 29.653 ms
GET /pet/singlePet 200 28 - 43.091 ms
GET /pet/singlePet 200 28 - 20.287 ms
GET /pet/singlePet 200 28 - 24.639 ms
OPTIONS /careTaker/singlecareTaker 204 0 - 2.871 ms
GET /careTaker/singlecareTaker 304 - - 8.690 ms
OPTIONS /careTaker/singlecareTaker 204 0 - 0.932 ms
OPTIONS /user/account 204 0 - 0.451 ms
GET /careTaker/singlecareTaker 304 - - 16.535 ms
GET /user/account 304 - - 22.013 ms
